{"uuid":"5dbc9217-fd1e-4edc-9e4e-f38ba8af95cc","historyId":"ee0f190e19a7f928bebb54d1008a4e41","fullName":"test.recruiting.candidates.CandidatesListTest.searchNegative","labels":[{"name":"package","value":"test.recruiting.candidates"},{"name":"testClass","value":"test.recruiting.candidates.CandidatesListTest"},{"name":"testMethod","value":"searchNegative"},{"name":"suite","value":"test.recruiting.candidates.CandidatesListTest"},{"name":"host","value":"WIN-6GBM20V5SU1"},{"name":"thread","value":"4144@WIN-6GBM20V5SU1.main(1)"},{"name":"feature","value":"Подбор и адаптация: кандидаты"},{"name":"story","value":"Сценарий 2 – список кандидатов"},{"name":"severity","value":"normal"}],"links":[],"name":"поиск кандидат не найден","status":"broken","statusDetails":{"known":false,"muted":false,"flaky":false,"message":"Expected condition failed: waiting for visibility of element located by By.xpath: //tc-alert[@id='emptyListSearch']//div[@class='message'] (tried for 120 second(s) with 500 milliseconds interval)","trace":"org.openqa.selenium.TimeoutException: Expected condition failed: waiting for visibility of element located by By.xpath: //tc-alert[@id='emptyListSearch']//div[@class='message'] (tried for 120 second(s) with 500 milliseconds interval)\r\n\tat org.openqa.selenium.support.ui.WebDriverWait.timeoutException(WebDriverWait.java:81)\r\n\tat org.openqa.selenium.support.ui.FluentWait.until(FluentWait.java:271)\r\n\tat test.recruiting.candidates.CandidatesListTest.searchNegative(CandidatesListTest.java:70)\r\n\tat sun.reflect.NativeMethodAccessorImpl.invoke0(Native Method)\r\n\tat sun.reflect.NativeMethodAccessorImpl.invoke(NativeMethodAccessorImpl.java:62)\r\n\tat sun.reflect.DelegatingMethodAccessorImpl.invoke(DelegatingMethodAccessorImpl.java:43)\r\n\tat java.lang.reflect.Method.invoke(Method.java:498)\r\n\tat org.junit.runners.model.FrameworkMethod$1.runReflectiveCall(FrameworkMethod.java:50)\r\n\tat org.junit.internal.runners.model.ReflectiveCallable.run(ReflectiveCallable.java:12)\r\n\tat org.junit.runners.model.FrameworkMethod.invokeExplosively(FrameworkMethod.java:47)\r\n\tat org.junit.internal.runners.statements.InvokeMethod.evaluate(InvokeMethod.java:17)\r\n\tat org.junit.internal.runners.statements.RunBefores.evaluate(RunBefores.java:26)\r\n\tat org.junit.internal.runners.statements.RunAfters.evaluate(RunAfters.java:27)\r\n\tat org.junit.runners.ParentRunner.runLeaf(ParentRunner.java:325)\r\n\tat org.junit.runners.BlockJUnit4ClassRunner.runChild(BlockJUnit4ClassRunner.java:78)\r\n\tat org.junit.runners.BlockJUnit4ClassRunner.runChild(BlockJUnit4ClassRunner.java:57)\r\n\tat org.junit.runners.ParentRunner$3.run(ParentRunner.java:290)\r\n\tat org.junit.runners.ParentRunner$1.schedule(ParentRunner.java:71)\r\n\tat org.junit.runners.ParentRunner.runChildren(ParentRunner.java:288)\r\n\tat org.junit.runners.ParentRunner.access$000(ParentRunner.java:58)\r\n\tat org.junit.runners.ParentRunner$2.evaluate(ParentRunner.java:268)\r\n\tat org.junit.runners.ParentRunner.run(ParentRunner.java:363)\r\n\tat org.apache.maven.surefire.junit4.JUnit4Provider.execute(JUnit4Provider.java:365)\r\n\tat org.apache.maven.surefire.junit4.JUnit4Provider.executeWithRerun(JUnit4Provider.java:272)\r\n\tat org.apache.maven.surefire.junit4.JUnit4Provider.executeTestSet(JUnit4Provider.java:236)\r\n\tat org.apache.maven.surefire.junit4.JUnit4Provider.invoke(JUnit4Provider.java:159)\r\n\tat org.apache.maven.surefire.booter.ForkedBooter.invokeProviderInSameClassLoader(ForkedBooter.java:386)\r\n\tat org.apache.maven.surefire.booter.ForkedBooter.runSuitesInProcess(ForkedBooter.java:323)\r\n\tat org.apache.maven.surefire.booter.ForkedBooter.main(ForkedBooter.java:143)\r\nCaused by: org.openqa.selenium.NoSuchElementException: Cannot locate an element using By.xpath: //tc-alert[@id='emptyListSearch']//div[@class='message']\nFor documentation on this error, please visit: http://seleniumhq.org/exceptions/no_such_element.html\nBuild info: version: '3.11.0', revision: 'e59cfb3', time: '2018-03-11T20:26:55.152Z'\nSystem info: host: 'WIN-6GBM20V5SU1', ip: '192.168.100.8', os.name: 'Windows 7', os.arch: 'amd64', os.version: '6.1', java.version: '1.8.0_121'\nDriver info: driver.version: unknown\r\n\tat org.openqa.selenium.support.ui.ExpectedConditions.lambda$findElement$0(ExpectedConditions.java:896)\r\n\tat java.util.Optional.orElseThrow(Optional.java:290)\r\n\tat org.openqa.selenium.support.ui.ExpectedConditions.findElement(ExpectedConditions.java:895)\r\n\tat org.openqa.selenium.support.ui.ExpectedConditions.access$000(ExpectedConditions.java:44)\r\n\tat org.openqa.selenium.support.ui.ExpectedConditions$7.apply(ExpectedConditions.java:206)\r\n\tat org.openqa.selenium.support.ui.ExpectedConditions$7.apply(ExpectedConditions.java:202)\r\n\tat org.openqa.selenium.support.ui.FluentWait.until(FluentWait.java:248)\r\n\t... 27 more\r\n"},"stage":"finished","description":"поиск кандидат не найден","start":1523861494342,"stop":1523861626083,"steps":[{"name":"Вход на страницу авторизации","status":"passed","stage":"finished","start":1523861494357,"stop":1523861495789},{"name":"Ввод логина kabanov@tc.by","status":"passed","stage":"finished","start":1523861495789,"stop":1523861495842,"parameters":[{"name":"login","value":"kabanov@tc.by"}]},{"name":"Ввод пароля welcome","status":"passed","stage":"finished","start":1523861495842,"stop":1523861495889,"parameters":[{"name":"password","value":"welcome"}]},{"name":"Нажатие кнопки войти ","status":"passed","stage":"finished","start":1523861495889,"stop":1523861498572},{"name":"Вход на страницу кандидатов","status":"passed","stage":"finished","start":1523861498572,"stop":1523861499663},{"name":"Ввод поисковых данных oAmgUeUsRxPk","status":"passed","stage":"finished","start":1523861499663,"stop":1523861499743,"parameters":[{"name":"search","value":"oAmgUeUsRxPk"}]}]}