<?xml version="1.0" encoding="UTF-8"?>
<testsuite xmlns:xsi="http://www.w3.org/2001/XMLSchema-instance" xsi:noNamespaceSchemaLocation="https://maven.apache.org/surefire/maven-surefire-plugin/xsd/surefire-test-report.xsd" name="test.recruiting.candidates.CandidateFormTest" time="288.372" tests="14" errors="0" skipped="0" failures="2">
  <properties>
    <property name="idea.version" value="2017.2.6"/>
    <property name="java.runtime.name" value="Java(TM) SE Runtime Environment"/>
    <property name="sun.boot.library.path" value="C:\Program Files\Java\jdk1.8.0_121\jre\bin"/>
    <property name="java.vm.version" value="25.121-b13"/>
    <property name="java.vm.vendor" value="Oracle Corporation"/>
    <property name="maven.multiModuleProjectDirectory" value="D:\IBA testing course\selenium-recruiting"/>
    <property name="java.vendor.url" value="http://java.oracle.com/"/>
    <property name="path.separator" value=";"/>
    <property name="guice.disable.misplaced.annotation.check" value="true"/>
    <property name="java.vm.name" value="Java HotSpot(TM) 64-Bit Server VM"/>
    <property name="file.encoding.pkg" value="sun.io"/>
    <property name="user.script" value=""/>
    <property name="user.country" value="RU"/>
    <property name="sun.java.launcher" value="SUN_STANDARD"/>
    <property name="sun.os.patch.level" value="Service Pack 1"/>
    <property name="java.vm.specification.name" value="Java Virtual Machine Specification"/>
    <property name="user.dir" value="D:\IBA testing course\selenium-recruiting"/>
    <property name="java.runtime.version" value="1.8.0_121-b13"/>
    <property name="java.awt.graphicsenv" value="sun.awt.Win32GraphicsEnvironment"/>
    <property name="java.endorsed.dirs" value="C:\Program Files\Java\jdk1.8.0_121\jre\lib\endorsed"/>
    <property name="os.arch" value="amd64"/>
    <property name="java.io.tmpdir" value="C:\Users\user\AppData\Local\Temp\"/>
    <property name="line.separator" value="&#10;"/>
    <property name="java.vm.specification.vendor" value="Oracle Corporation"/>
    <property name="user.variant" value=""/>
    <property name="os.name" value="Windows 7"/>
    <property name="classworlds.conf" value="C:\Program Files\JetBrains\IntelliJ IDEA 2017.2.6\plugins\maven\lib\maven3\bin\m2.conf"/>
    <property name="sun.jnu.encoding" value="Cp1251"/>
    <property name="java.library.path" value="C:\Program Files\Java\jdk1.8.0_121\bin;C:\Windows\Sun\Java\bin;C:\Windows\system32;C:\Windows;C:\Program Files (x86)\Common Files\Intel\Shared Files\cpp\bin\Intel64;C:\ProgramData\Oracle\Java\javapath;C:\Program Files (x86)\NVIDIA Corporation\PhysX\Common;C:\Windows\system32;C:\Windows;C:\Windows\System32\Wbem;C:\Windows\System32\WindowsPowerShell\v1.0\;C:\Program Files (x86)\Git\cmd;C:\Program Files (x86)\Skype\Phone\;C:\Program Files (x86)\Windows Kits\8.1\Windows Performance Toolkit\;C:\Program Files\Microsoft SQL Server\110\Tools\Binn\;C:\Program Files (x86)\Microsoft SDKs\TypeScript\1.0\;C:\Program Files\Microsoft SQL Server\Client SDK\ODBC\110\Tools\Binn\;C:\Program Files (x86)\Microsoft SQL Server\120\Tools\Binn\;C:\Program Files\Microsoft SQL Server\120\Tools\Binn\;C:\Program Files\Microsoft SQL Server\120\DTS\Binn\;C:\Program Files (x86)\Microsoft SQL Server\120\Tools\Binn\ManagementStudio\;C:\Program Files (x86)\Microsoft SQL Server\120\DTS\Binn\;C:\Program Files\apache-maven-3.5.2\bin;C:\Program Files\Java\jdk1.8.0_121\bin;C:\Program Files\nodejs\;C:\Users\user\AppData\Local\atom\bin;C:\Users\user\AppData\Roaming\npm;D:\Install\wildfly-11.0.0.Final\wildfly-11.0.0.Final\bin;."/>
    <property name="java.specification.name" value="Java Platform API Specification"/>
    <property name="java.class.version" value="52.0"/>
    <property name="sun.management.compiler" value="HotSpot 64-Bit Tiered Compilers"/>
    <property name="os.version" value="6.1"/>
    <property name="user.home" value="C:\Users\user"/>
    <property name="user.timezone" value="GMT+02:00"/>
    <property name="java.awt.printerjob" value="sun.awt.windows.WPrinterJob"/>
    <property name="java.specification.version" value="1.8"/>
    <property name="file.encoding" value="UTF-8"/>
    <property name="user.name" value="user"/>
    <property name="java.class.path" value="C:\Program Files\JetBrains\IntelliJ IDEA 2017.2.6\plugins\maven\lib\maven3\boot\plexus-classworlds-2.5.2.jar;C:\Program Files\JetBrains\IntelliJ IDEA 2017.2.6\lib\idea_rt.jar"/>
    <property name="java.vm.specification.version" value="1.8"/>
    <property name="sun.arch.data.model" value="64"/>
    <property name="java.home" value="C:\Program Files\Java\jdk1.8.0_121\jre"/>
    <property name="sun.java.command" value="org.codehaus.classworlds.Launcher -Didea.version=2017.2.6 clean test allure:report"/>
    <property name="java.specification.vendor" value="Oracle Corporation"/>
    <property name="user.language" value="ru"/>
    <property name="awt.toolkit" value="sun.awt.windows.WToolkit"/>
    <property name="java.vm.info" value="mixed mode"/>
    <property name="java.version" value="1.8.0_121"/>
    <property name="java.ext.dirs" value="C:\Program Files\Java\jdk1.8.0_121\jre\lib\ext;C:\Windows\Sun\Java\lib\ext"/>
    <property name="sun.boot.class.path" value="C:\Program Files\Java\jdk1.8.0_121\jre\lib\resources.jar;C:\Program Files\Java\jdk1.8.0_121\jre\lib\rt.jar;C:\Program Files\Java\jdk1.8.0_121\jre\lib\sunrsasign.jar;C:\Program Files\Java\jdk1.8.0_121\jre\lib\jsse.jar;C:\Program Files\Java\jdk1.8.0_121\jre\lib\jce.jar;C:\Program Files\Java\jdk1.8.0_121\jre\lib\charsets.jar;C:\Program Files\Java\jdk1.8.0_121\jre\lib\jfr.jar;C:\Program Files\Java\jdk1.8.0_121\jre\classes"/>
    <property name="java.vendor" value="Oracle Corporation"/>
    <property name="maven.home" value="C:\Program Files\JetBrains\IntelliJ IDEA 2017.2.6\plugins\maven\lib\maven3"/>
    <property name="file.separator" value="\"/>
    <property name="java.vendor.url.bug" value="http://bugreport.sun.com/bugreport/"/>
    <property name="sun.cpu.endian" value="little"/>
    <property name="sun.io.unicode.encoding" value="UnicodeLittle"/>
    <property name="sun.desktop" value="windows"/>
    <property name="sun.cpu.isalist" value="amd64"/>
  </properties>
  <testcase name="fillinCandidateFormPositive" classname="test.recruiting.candidates.CandidateFormTest" time="41.432"/>
  <testcase name="loadCVPositive" classname="test.recruiting.candidates.CandidateFormTest" time="16.327"/>
  <testcase name="fillinCandidateFormNegativeIncorrectBirthDate" classname="test.recruiting.candidates.CandidateFormTest" time="8.277"/>
  <testcase name="fillinCandidateFormNegativeEmptyContactData" classname="test.recruiting.candidates.CandidateFormTest" time="7.618"/>
  <testcase name="fillinCandidateFormNegativeEmptySurname" classname="test.recruiting.candidates.CandidateFormTest" time="8.197"/>
  <testcase name="attachmentNegative" classname="test.recruiting.candidates.CandidateFormTest" time="15.18">
    <failure message="expected:&lt;[красивое сообщение об ошибке, например, неверный формат прикрепленного файла]&gt; but was:&lt;[/opt/liferay-portal-6.2-ce-ga6/tomcat-7.0.62/temp/upload_00065520.txt (No such file or directory)]&gt;" type="org.junit.ComparisonFailure"><![CDATA[org.junit.ComparisonFailure: expected:<[красивое сообщение об ошибке, например, неверный формат прикрепленного файла]> but was:<[/opt/liferay-portal-6.2-ce-ga6/tomcat-7.0.62/temp/upload_00065520.txt (No such file or directory)]>
	at test.recruiting.candidates.CandidateFormTest.attachmentNegative(CandidateFormTest.java:246)
]]></failure>
    <system-out><![CDATA[[log] CLICK on L(524,786)@S(0)[0,0 1920x1080] (521 msec)
[log]  TYPE "D:\IBA testing course\selenium-recruiting\resources\randomfiles\hello.txt"
[log] CLICK on L(774,829)@S(0)[0,0 1920x1080] (546 msec)
]]></system-out>
    <system-err><![CDATA[1523861302499	geckodriver	INFO	geckodriver 0.20.0
1523861302499	geckodriver	INFO	Listening on 127.0.0.1:29106
1523861303014	mozrunner::runner	INFO	Running command: "C:\\Program Files\\Mozilla Firefox\\firefox.exe" "-marionette" "-profile" "C:\\Users\\user\\AppData\\Local\\Temp\\rust_mozprofile.kljqUDkQ2ZQQ"
1523861303636	Marionette	INFO	Enabled via --marionette
1523861305822	Marionette	INFO	Listening on port 2575
1523861306176	Marionette	WARN	TLS certificate errors will be ignored for this session
апр 16, 2018 8:48:26 AM org.openqa.selenium.remote.ProtocolHandshake createSession
INFO: Detected dialect: W3C
Unable to read VR Path Registry from C:\Users\user\AppData\Local\openvr\openvrpaths.vrpath
[Parent 8060, Gecko_IOThread] WARNING: pipe error: 109: file z:/build/build/src/ipc/chromium/src/chrome/common/ipc_channel_win.cc, line 346
Unable to read VR Path Registry from C:\Users\user\AppData\Local\openvr\openvrpaths.vrpath
[Child 6516, Chrome_ChildThread] WARNING: pipe error: 109: file z:/build/build/src/ipc/chromium/src/chrome/common/ipc_channel_win.cc, line 346
[Parent 8060, Gecko_IOThread] WARNING: pipe error: 109: file z:/build/build/src/ipc/chromium/src/chrome/common/ipc_channel_win.cc, line 346
Unable to read VR Path Registry from C:\Users\user\AppData\Local\openvr\openvrpaths.vrpath
[Child 7780, Chrome_ChildThread] WARNING: pipe error: 109: file z:/build/build/src/ipc/chromium/src/chrome/common/ipc_channel_win.cc, line 346
[Child 7780, Chrome_ChildThread] WARNING: pipe error: 109: file z:/build/build/src/ipc/chromium/src/chrome/common/ipc_channel_win.cc, line 346
Unable to read VR Path Registry from C:\Users\user\AppData\Local\openvr\openvrpaths.vrpath
[Child 7692, Chrome_ChildThread] WARNING: pipe error: 109: file z:/build/build/src/ipc/chromium/src/chrome/common/ipc_channel_win.cc, line 346
[Child 7692, Chrome_ChildThread] WARNING: pipe error: 109: file z:/build/build/src/ipc/chromium/src/chrome/common/ipc_channel_win.cc, line 346
*** UTM:SVC TimerManager:registerTimer called after profile-before-change notification. Ignoring timer registration for id: telemetry_modules_ping
1523861324734	geckodriver::marionette	ERROR	Failed to stop browser process
]]></system-err>
  </testcase>
  <testcase name="fillinCandidateFormNegativeIncorrectEmail" classname="test.recruiting.candidates.CandidateFormTest" time="7.81"/>
  <testcase name="clickBackToList" classname="test.recruiting.candidates.CandidateFormTest" time="11.273"/>
  <testcase name="fillinCandidateFormNegativeIncorrectTelephone" classname="test.recruiting.candidates.CandidateFormTest" time="8.239"/>
  <testcase name="clickCancel" classname="test.recruiting.candidates.CandidateFormTest" time="9.789"/>
  <testcase name="deleteCandidate" classname="test.recruiting.candidates.CandidateFormTest" time="13.364"/>
  <testcase name="fillinCandidateFormNegativeEmptyName" classname="test.recruiting.candidates.CandidateFormTest" time="8.502"/>
  <testcase name="loadCVAfterInputData" classname="test.recruiting.candidates.CandidateFormTest" time="18.848">
    <failure type="java.lang.AssertionError">java.lang.AssertionError
	at test.recruiting.candidates.CandidateFormTest.loadCVAfterInputData(CandidateFormTest.java:264)
</failure>
    <system-out><![CDATA[[log] CLICK on L(524,786)@S(0)[0,0 1920x1080] (520 msec)
[log]  TYPE "D:\IBA testing course\selenium-recruiting\resources\randomfiles\hello.docx"
[log] CLICK on L(774,829)@S(0)[0,0 1920x1080] (531 msec)
]]></system-out>
    <system-err><![CDATA[1523861428447	geckodriver	INFO	geckodriver 0.20.0
1523861428462	geckodriver	INFO	Listening on 127.0.0.1:17333
1523861428977	mozrunner::runner	INFO	Running command: "C:\\Program Files\\Mozilla Firefox\\firefox.exe" "-marionette" "-profile" "C:\\Users\\user\\AppData\\Local\\Temp\\rust_mozprofile.OjvR5wx3Bl92"
1523861429714	Marionette	INFO	Enabled via --marionette
1523861432588	Marionette	INFO	Listening on port 3060
1523861432694	Marionette	WARN	TLS certificate errors will be ignored for this session
апр 16, 2018 8:50:32 AM org.openqa.selenium.remote.ProtocolHandshake createSession
INFO: Detected dialect: W3C
Unable to read VR Path Registry from C:\Users\user\AppData\Local\openvr\openvrpaths.vrpath
[Parent 5944, Gecko_IOThread] WARNING: pipe error: 109: file z:/build/build/src/ipc/chromium/src/chrome/common/ipc_channel_win.cc, line 346
Unable to read VR Path Registry from C:\Users\user\AppData\Local\openvr\openvrpaths.vrpath
[Child 7396, Chrome_ChildThread] WARNING: pipe error: 109: file z:/build/build/src/ipc/chromium/src/chrome/common/ipc_channel_win.cc, line 346
[Child 7396, Chrome_ChildThread] WARNING: pipe error: 109: file z:/build/build/src/ipc/chromium/src/chrome/common/ipc_channel_win.cc, line 346
[Parent 5944, Gecko_IOThread] WARNING: pipe error: 109: file z:/build/build/src/ipc/chromium/src/chrome/common/ipc_channel_win.cc, line 346
Unable to read VR Path Registry from C:\Users\user\AppData\Local\openvr\openvrpaths.vrpath
[Child 1328, Chrome_ChildThread] WARNING: pipe error: 109: file z:/build/build/src/ipc/chromium/src/chrome/common/ipc_channel_win.cc, line 346
*** UTM:SVC TimerManager:registerTimer called after profile-before-change notification. Ignoring timer registration for id: telemetry_modules_ping
1523861454584	geckodriver::marionette	ERROR	Failed to stop browser process
]]></system-err>
  </testcase>
  <testcase name="fillinCandidateFormNegativeMaxLength" classname="test.recruiting.candidates.CandidateFormTest" time="8.096"/>
</testsuite>